<?xml version="1.0" encoding="UTF-8"?>
<!-- Generated by org.testng.reporters.JUnitXMLReporter -->
<testsuite ignored="0" hostname="LAPTOP-RN954ILH" failures="0" tests="2" name="Default test" time="26.387" errors="0" timestamp="2024-07-29T13:21:07 IST">
  <testcase classname="com.self.TestAutomation.TestRunner.TestRunner_Application_Test" name="verifyApplication" time="1.513"/>
  <testcase classname="com.self.TestAutomation.TestRunner.TestRunner_Application_Test" name="verifyTestApplication" time="0.98"/>
</testsuite> <!-- Default test -->
