<?xml version="1.0" encoding="UTF-8"?>
<testng-results ignored="0" total="2" passed="2" failed="0" skipped="0">
  <reporter-output>
  </reporter-output>
  <suite started-at="2024-07-29T13:20:41 IST" name="Default suite" finished-at="2024-07-29T13:21:07 IST" duration-ms="26387">
    <groups>
    </groups>
    <test started-at="2024-07-29T13:20:41 IST" name="Default test" finished-at="2024-07-29T13:21:07 IST" duration-ms="26387">
      <class name="com.self.TestAutomation.TestRunner.TestRunner_Application_Test">
        <test-method is-config="true" signature="setSuitePreconditions()[pri:0, instance:com.self.TestAutomation.TestRunner.TestRunner_Application_Test@4a883b15]" started-at="2024-07-29T13:20:40 IST" name="setSuitePreconditions" finished-at="2024-07-29T13:20:41 IST" duration-ms="451" status="PASS">
          <reporter-output>
          </reporter-output>
        </test-method> <!-- setSuitePreconditions -->
        <test-method is-config="true" signature="setTestPreconditions()[pri:0, instance:com.self.TestAutomation.TestRunner.TestRunner_Application_Test@4a883b15]" started-at="2024-07-29T13:20:41 IST" name="setTestPreconditions" finished-at="2024-07-29T13:20:54 IST" duration-ms="13647" status="PASS">
          <reporter-output>
          </reporter-output>
        </test-method> <!-- setTestPreconditions -->
        <test-method signature="verifyApplication()[pri:0, instance:com.self.TestAutomation.TestRunner.TestRunner_Application_Test@4a883b15]" started-at="2024-07-29T13:20:54 IST" name="verifyApplication" finished-at="2024-07-29T13:20:56 IST" duration-ms="1513" status="PASS">
          <reporter-output>
          </reporter-output>
        </test-method> <!-- verifyApplication -->
        <test-method is-config="true" signature="endTest()[pri:0, instance:com.self.TestAutomation.TestRunner.TestRunner_Application_Test@4a883b15]" started-at="2024-07-29T13:20:56 IST" name="endTest" finished-at="2024-07-29T13:20:56 IST" duration-ms="286" status="PASS">
          <reporter-output>
          </reporter-output>
        </test-method> <!-- endTest -->
        <test-method is-config="true" signature="setTestPreconditions()[pri:0, instance:com.self.TestAutomation.TestRunner.TestRunner_Application_Test@4a883b15]" started-at="2024-07-29T13:20:56 IST" name="setTestPreconditions" finished-at="2024-07-29T13:21:05 IST" duration-ms="8774" status="PASS">
          <reporter-output>
          </reporter-output>
        </test-method> <!-- setTestPreconditions -->
        <test-method signature="verifyTestApplication()[pri:0, instance:com.self.TestAutomation.TestRunner.TestRunner_Application_Test@4a883b15]" started-at="2024-07-29T13:21:05 IST" name="verifyTestApplication" finished-at="2024-07-29T13:21:06 IST" duration-ms="980" status="PASS">
          <reporter-output>
          </reporter-output>
        </test-method> <!-- verifyTestApplication -->
        <test-method is-config="true" signature="endTest()[pri:0, instance:com.self.TestAutomation.TestRunner.TestRunner_Application_Test@4a883b15]" started-at="2024-07-29T13:21:06 IST" name="endTest" finished-at="2024-07-29T13:21:07 IST" duration-ms="1144" status="PASS">
          <reporter-output>
          </reporter-output>
        </test-method> <!-- endTest -->
        <test-method is-config="true" signature="endReport()[pri:0, instance:com.self.TestAutomation.TestRunner.TestRunner_Application_Test@4a883b15]" started-at="2024-07-29T13:21:07 IST" name="endReport" finished-at="2024-07-29T13:21:07 IST" duration-ms="410" status="PASS">
          <reporter-output>
          </reporter-output>
        </test-method> <!-- endReport -->
      </class> <!-- com.self.TestAutomation.TestRunner.TestRunner_Application_Test -->
    </test> <!-- Default test -->
  </suite> <!-- Default suite -->
</testng-results>
