<?xml version="1.0" encoding="UTF-8"?>
<testng-results ignored="0" total="2" passed="2" failed="0" skipped="0">
  <reporter-output>
  </reporter-output>
  <suite started-at="2024-07-29T18:58:08 IST" name="Default suite" finished-at="2024-07-29T18:58:32 IST" duration-ms="24185">
    <groups>
    </groups>
    <test started-at="2024-07-29T18:58:08 IST" name="Default test" finished-at="2024-07-29T18:58:32 IST" duration-ms="24185">
      <class name="com.self.TestAutomation.TestRunner.TestRunner_Application_Test">
        <test-method is-config="true" signature="setSuitePreconditions()[pri:0, instance:com.self.TestAutomation.TestRunner.TestRunner_Application_Test@25641d39]" started-at="2024-07-29T18:58:07 IST" name="setSuitePreconditions" finished-at="2024-07-29T18:58:08 IST" duration-ms="944" status="PASS">
          <reporter-output>
          </reporter-output>
        </test-method> <!-- setSuitePreconditions -->
        <test-method is-config="true" signature="setTestPreconditions()[pri:0, instance:com.self.TestAutomation.TestRunner.TestRunner_Application_Test@25641d39]" started-at="2024-07-29T18:58:08 IST" name="setTestPreconditions" finished-at="2024-07-29T18:58:18 IST" duration-ms="10803" status="PASS">
          <reporter-output>
          </reporter-output>
        </test-method> <!-- setTestPreconditions -->
        <test-method signature="verifyApplication()[pri:0, instance:com.self.TestAutomation.TestRunner.TestRunner_Application_Test@25641d39]" started-at="2024-07-29T18:58:18 IST" name="verifyApplication" finished-at="2024-07-29T18:58:20 IST" duration-ms="1656" status="PASS">
          <reporter-output>
          </reporter-output>
        </test-method> <!-- verifyApplication -->
        <test-method is-config="true" signature="endTest()[pri:0, instance:com.self.TestAutomation.TestRunner.TestRunner_Application_Test@25641d39]" started-at="2024-07-29T18:58:20 IST" name="endTest" finished-at="2024-07-29T18:58:21 IST" duration-ms="759" status="PASS">
          <reporter-output>
          </reporter-output>
        </test-method> <!-- endTest -->
        <test-method is-config="true" signature="setTestPreconditions()[pri:0, instance:com.self.TestAutomation.TestRunner.TestRunner_Application_Test@25641d39]" started-at="2024-07-29T18:58:21 IST" name="setTestPreconditions" finished-at="2024-07-29T18:58:29 IST" duration-ms="8051" status="PASS">
          <reporter-output>
          </reporter-output>
        </test-method> <!-- setTestPreconditions -->
        <test-method signature="verifyTestApplication()[pri:0, instance:com.self.TestAutomation.TestRunner.TestRunner_Application_Test@25641d39]" started-at="2024-07-29T18:58:29 IST" name="verifyTestApplication" finished-at="2024-07-29T18:58:30 IST" duration-ms="1380" status="PASS">
          <reporter-output>
          </reporter-output>
        </test-method> <!-- verifyTestApplication -->
        <test-method is-config="true" signature="endTest()[pri:0, instance:com.self.TestAutomation.TestRunner.TestRunner_Application_Test@25641d39]" started-at="2024-07-29T18:58:30 IST" name="endTest" finished-at="2024-07-29T18:58:32 IST" duration-ms="1496" status="PASS">
          <reporter-output>
          </reporter-output>
        </test-method> <!-- endTest -->
        <test-method is-config="true" signature="endReport()[pri:0, instance:com.self.TestAutomation.TestRunner.TestRunner_Application_Test@25641d39]" started-at="2024-07-29T18:58:32 IST" name="endReport" finished-at="2024-07-29T18:58:35 IST" duration-ms="3384" status="PASS">
          <reporter-output>
          </reporter-output>
        </test-method> <!-- endReport -->
      </class> <!-- com.self.TestAutomation.TestRunner.TestRunner_Application_Test -->
    </test> <!-- Default test -->
  </suite> <!-- Default suite -->
</testng-results>
